<?xml version="1.0" encoding="UTF-8"?>
<testng-results ignored="0" total="1" passed="1" failed="0" skipped="0">
  <reporter-output>
  </reporter-output>
  <suite started-at="2024-11-07T13:48:56 IST" name="Default suite" finished-at="2024-11-07T13:49:04 IST" duration-ms="7983">
    <groups>
    </groups>
    <test started-at="2024-11-07T13:48:56 IST" name="Default test" finished-at="2024-11-07T13:49:04 IST" duration-ms="7983">
      <class name="extentReport.ToAttachScreenshot">
        <test-method signature="assScreenshot()[pri:0, instance:extentReport.ToAttachScreenshot@1ed4ae0f]" started-at="2024-11-07T13:48:56 IST" name="assScreenshot" finished-at="2024-11-07T13:49:04 IST" duration-ms="7941" status="PASS">
          <reporter-output>
          </reporter-output>
        </test-method> <!-- assScreenshot -->
      </class> <!-- extentReport.ToAttachScreenshot -->
    </test> <!-- Default test -->
  </suite> <!-- Default suite -->
</testng-results>
