<?xml version="1.0" encoding="UTF-8"?>
<!-- Generated by org.testng.reporters.JUnitXMLReporter -->
<testsuite ignored="0" hostname="LAPTOP-GEIVF1FS" failures="0" tests="4" name="Test" time="0.065" errors="0" timestamp="2024-11-04T19:48:33 IST">
  <testcase classname="bikes.YamahaTest" name="demo" time="0.011"/>
  <testcase classname="bikes.BajajTest" name="demo" time="0.003"/>
  <testcase classname="bikes.KTMTest" name="demo" time="0.001"/>
  <testcase classname="bikes.DucatiTest" name="demo" time="0.002"/>
</testsuite> <!-- Test -->
